<mule xmlns="http://www.mulesoft.org/schema/mule/core"
      xmlns:xsi="http://www.w3.org/2001/XMLSchema-instance"
      xmlns:mulechain-web-crawler="http://www.mulesoft.org/schema/mule/mulechain-web-crawler"
      xsi:schemaLocation="http://www.mulesoft.org/schema/mule/core http://www.mulesoft.org/schema/mule/core/current/mule.xsd
          http://www.mulesoft.org/schema/mule/mulechain-web-crawler http://www.mulesoft.org/schema/mule/mulechain-web-crawler/current/mule-mulechain-web-crawler.xsd">

    <mulechain-web-crawler:config name="config" configId="configId">
        <mulechain-web-crawler:connection requiredParameter="aValue" />
    </mulechain-web-crawler:config>

    <flow name="sayHiFlow">
        <mulechain-web-crawler:say-hi person="Mariano Gonzalez"/>
    </flow>

    <flow name="retrieveInfoFlow">
        <mulechain-web-crawler:retrieve-info config-ref="config"/>
    </flow>

</mule>
